#
# There is insufficient memory for the Java Runtime Environment to continue.
# Native memory allocation (malloc) failed to allocate 476240 bytes for Chunk::new
# Possible reasons:
#   The system is out of physical RAM or swap space
#   The process is running with CompressedOops enabled, and the Java Heap may be blocking the growth of the native heap
# Possible solutions:
#   Reduce memory load on the system
#   Increase physical memory or swap space
#   Check if swap backing store is full
#   Decrease Java heap size (-Xmx/-Xms)
#   Decrease number of Java threads
#   Decrease Java thread stack sizes (-Xss)
#   Set larger code cache with -XX:ReservedCodeCacheSize=
#   JVM is running with Unscaled Compressed Oops mode in which the Java heap is
#     placed in the first 4GB address space. The Java Heap base address is the
#     maximum limit for the native heap growth. Please use -XX:HeapBaseMinAddress
#     to set the Java Heap base and to place the Java Heap above 4GB virtual address.
# This output file may be truncated or incomplete.
#
#  Out of Memory Error (arena.cpp:189), pid=9052, tid=9420
#
# JRE version: Java(TM) SE Runtime Environment (17.0.4.1+1) (build 17.0.4.1+1-LTS-2)
# Java VM: Java HotSpot(TM) 64-Bit Server VM (17.0.4.1+1-LTS-2, mixed mode, sharing, tiered, compressed oops, compressed class ptrs, g1 gc, windows-amd64)
# No core dump will be written. Minidumps are not enabled by default on client versions of Windows
#

---------------  S U M M A R Y ------------

Command Line: -ea -Didea.test.cyclic.buffer.size=1048576 -javaagent:C:\Program Files\JetBrains\IntelliJ IDEA 2022.2.4\lib\idea_rt.jar=54532:C:\Program Files\JetBrains\IntelliJ IDEA 2022.2.4\bin -Dfile.encoding=UTF-8 com.intellij.rt.junit.JUnitStarter -ideVersion5 -junit4 UserServiceTest

Host: Intel(R) Core(TM) i5-5200U CPU @ 2.20GHz, 4 cores, 7G,  Windows 10 , 64 bit Build 19041 (10.0.19041.2251)
Time: Tue Nov 29 21:17:30 2022 RTZ 2 (s 10 , 64 bit Build 19041 (10.0.19041.2251) elapsed time: 3.184657 seconds (0d 0h 0m 3s)

---------------  T H R E A D  ---------------

Current thread (0x0000017b3c765eb0):  JavaThread "C2 CompilerThread0" daemon [_thread_in_native, id=9420, stack(0x00000076a1d00000,0x00000076a1e00000)]


Current CompileTask:
C2:   3184 1660   !   4       sun.security.ssl.SSLAlgorithmDecomposer::decompose (67 bytes)

Stack: [0x00000076a1d00000,0x00000076a1e00000]
Native frames: (J=compiled Java code, j=interpreted, Vv=VM code, C=native code)
V  [jvm.dll+0x6723ba]
V  [jvm.dll+0x7d1e34]
V  [jvm.dll+0x7d35de]
V  [jvm.dll+0x7d3c43]
V  [jvm.dll+0x243065]
V  [jvm.dll+0xaa57b]
V  [jvm.dll+0xaab0c]
V  [jvm.dll+0x11bc57]
V  [jvm.dll+0x605a05]
V  [jvm.dll+0x6040d4]
V  [jvm.dll+0x216018]
V  [jvm.dll+0x2155c1]
V  [jvm.dll+0x1a1fcd]
V  [jvm.dll+0x224e08]
V  [jvm.dll+0x222f75]
V  [jvm.dll+0x787a0b]
V  [jvm.dll+0x781fca]
V  [jvm.dll+0x671245]
C  [ucrtbase.dll+0x21bb2]
C  [KERNEL32.DLL+0x174b4]
C  [ntdll.dll+0x526a1]


---------------  P R O C E S S  ---------------

Threads class SMR info:
_java_thread_list=0x0000017b3db55370, length=15, elements={
0x0000017b1eee7630, 0x0000017b3c7454a0, 0x0000017b3c746160, 0x0000017b3c7582c0,
0x0000017b3c758b80, 0x0000017b3c759440, 0x0000017b3c761d10, 0x0000017b3c765eb0,
0x0000017b3c788880, 0x0000017b3c79a950, 0x0000017b3c72d800, 0x0000017b3d246160,
0x0000017b3d246630, 0x0000017b3d687890, 0x0000017b3daca250
}

Java Threads: ( => current thread )
  0x0000017b1eee7630 JavaThread "main" [_thread_in_native, id=10332, stack(0x00000076a1000000,0x00000076a1100000)]
  0x0000017b3c7454a0 JavaThread "Reference Handler" daemon [_thread_blocked, id=6536, stack(0x00000076a1700000,0x00000076a1800000)]
  0x0000017b3c746160 JavaThread "Finalizer" daemon [_thread_blocked, id=10264, stack(0x00000076a1800000,0x00000076a1900000)]
  0x0000017b3c7582c0 JavaThread "Signal Dispatcher" daemon [_thread_blocked, id=5724, stack(0x00000076a1900000,0x00000076a1a00000)]
  0x0000017b3c758b80 JavaThread "Attach Listener" daemon [_thread_blocked, id=9904, stack(0x00000076a1a00000,0x00000076a1b00000)]
  0x0000017b3c759440 JavaThread "Service Thread" daemon [_thread_blocked, id=3724, stack(0x00000076a1b00000,0x00000076a1c00000)]
  0x0000017b3c761d10 JavaThread "Monitor Deflation Thread" daemon [_thread_blocked, id=5420, stack(0x00000076a1c00000,0x00000076a1d00000)]
=>0x0000017b3c765eb0 JavaThread "C2 CompilerThread0" daemon [_thread_in_native, id=9420, stack(0x00000076a1d00000,0x00000076a1e00000)]
  0x0000017b3c788880 JavaThread "C1 CompilerThread0" daemon [_thread_blocked, id=6956, stack(0x00000076a1e00000,0x00000076a1f00000)]
  0x0000017b3c79a950 JavaThread "Sweeper thread" daemon [_thread_blocked, id=10880, stack(0x00000076a1f00000,0x00000076a2000000)]
  0x0000017b3c72d800 JavaThread "Common-Cleaner" daemon [_thread_blocked, id=7112, stack(0x00000076a2000000,0x00000076a2100000)]
  0x0000017b3d246160 JavaThread "Monitor Ctrl-Break" daemon [_thread_in_native, id=9056, stack(0x00000076a2100000,0x00000076a2200000)]
  0x0000017b3d246630 JavaThread "Notification Thread" daemon [_thread_blocked, id=7656, stack(0x00000076a2200000,0x00000076a2300000)]
  0x0000017b3d687890 JavaThread "mysql-cj-abandoned-connection-cleanup" daemon [_thread_blocked, id=8456, stack(0x00000076a2400000,0x00000076a2500000)]
  0x0000017b3daca250 JavaThread "C2 CompilerThread1" daemon [_thread_in_native, id=9220, stack(0x00000076a2500000,0x00000076a2600000)]

Other Threads:
  0x0000017b3c73e1c0 VMThread "VM Thread" [stack: 0x00000076a1600000,0x00000076a1700000] [id=8324]
  0x0000017b3d2423a0 WatcherThread [stack: 0x00000076a2300000,0x00000076a2400000] [id=3148]
  0x0000017b1ef3b210 GCTaskThread "GC Thread#0" [stack: 0x00000076a1100000,0x00000076a1200000] [id=2196]
  0x0000017b3da2d030 GCTaskThread "GC Thread#1" [stack: 0x00000076a2600000,0x00000076a2700000] [id=5764]
  0x0000017b3daeb460 GCTaskThread "GC Thread#2" [stack: 0x00000076a2700000,0x00000076a2800000] [id=1172]
  0x0000017b3db3b910 GCTaskThread "GC Thread#3" [stack: 0x00000076a2800000,0x00000076a2900000] [id=10836]
  0x0000017b1ef4ccf0 ConcurrentGCThread "G1 Main Marker" [stack: 0x00000076a1200000,0x00000076a1300000] [id=2388]
  0x0000017b1ef4dcc0 ConcurrentGCThread "G1 Conc#0" [stack: 0x00000076a1300000,0x00000076a1400000] [id=9780]
  0x0000017b3c600090 ConcurrentGCThread "G1 Refine#0" [stack: 0x00000076a1400000,0x00000076a1500000] [id=7352]
  0x0000017b3c6008c0 ConcurrentGCThread "G1 Service" [stack: 0x00000076a1500000,0x00000076a1600000] [id=11000]

Threads with active compile tasks:
C2 CompilerThread0     3465 1660   !   4       sun.security.ssl.SSLAlgorithmDecomposer::decompose (67 bytes)
C2 CompilerThread1     3465 1666       4       java.util.regex.Pattern::split (288 bytes)

VM state: not at safepoint (normal execution)

VM Mutex/Monitor currently owned by a thread: None

Heap address: 0x0000000081400000, size: 2028 MB, Compressed Oops mode: 32-bit

CDS archive(s) mapped at: [0x0000000800000000-0x0000000800bc0000-0x0000000800bc0000), size 12320768, SharedBaseAddress: 0x0000000800000000, ArchiveRelocationMode: 0.
Compressed class space mapped at: 0x0000000800c00000-0x0000000840c00000, reserved size: 1073741824
Narrow klass base: 0x0000000800000000, Narrow klass shift: 0, Narrow klass range: 0x100000000

GC Precious Log:
 CPUs: 4 total, 4 available
 Memory: 8106M
 Large Page Support: Disabled
 NUMA Support: Disabled
 Compressed Oops: Enabled (32-bit)
 Heap Region Size: 1M
 Heap Min Capacity: 8M
 Heap Initial Capacity: 128M
 Heap Max Capacity: 2028M
 Pre-touch: Disabled
 Parallel Workers: 4
 Concurrent Workers: 1
 Concurrent Refinement Workers: 4
 Periodic GC: Disabled

Heap:
 garbage-first heap   total 131072K, used 9766K [0x0000000081400000, 0x0000000100000000)
  region size 1024K, 6 young (6144K), 2 survivors (2048K)
 Metaspace       used 11319K, committed 11520K, reserved 1064960K
  class space    used 1236K, committed 1344K, reserved 1048576K

Heap Regions: E=young(eden), S=young(survivor), O=old, HS=humongous(starts), HC=humongous(continues), CS=collection set, F=free, OA=open archive, CA=closed archive, TAMS=top-at-mark-start (previous, next)
|   0|0x0000000081400000, 0x0000000081500000, 0x0000000081500000|100%|HS|  |TAMS 0x0000000081400000, 0x0000000081400000| Complete 
|   1|0x0000000081500000, 0x0000000081600000, 0x0000000081600000|100%| O|  |TAMS 0x0000000081500000, 0x0000000081500000| Untracked 
|   2|0x0000000081600000, 0x0000000081700000, 0x0000000081700000|100%| O|  |TAMS 0x0000000081600000, 0x0000000081600000| Untracked 
|   3|0x0000000081700000, 0x0000000081800000, 0x0000000081800000|100%| O|  |TAMS 0x0000000081700000, 0x0000000081700000| Untracked 
|   4|0x0000000081800000, 0x0000000081889a00, 0x0000000081900000| 53%| O|  |TAMS 0x0000000081800000, 0x0000000081800000| Untracked 
|   5|0x0000000081900000, 0x0000000081900000, 0x0000000081a00000|  0%| F|  |TAMS 0x0000000081900000, 0x0000000081900000| Untracked 
|   6|0x0000000081a00000, 0x0000000081a00000, 0x0000000081b00000|  0%| F|  |TAMS 0x0000000081a00000, 0x0000000081a00000| Untracked 
|   7|0x0000000081b00000, 0x0000000081b00000, 0x0000000081c00000|  0%| F|  |TAMS 0x0000000081b00000, 0x0000000081b00000| Untracked 
|   8|0x0000000081c00000, 0x0000000081c00000, 0x0000000081d00000|  0%| F|  |TAMS 0x0000000081c00000, 0x0000000081c00000| Untracked 
|   9|0x0000000081d00000, 0x0000000081d00000, 0x0000000081e00000|  0%| F|  |TAMS 0x0000000081d00000, 0x0000000081d00000| Untracked 
|  10|0x0000000081e00000, 0x0000000081e00000, 0x0000000081f00000|  0%| F|  |TAMS 0x0000000081e00000, 0x0000000081e00000| Untracked 
|  11|0x0000000081f00000, 0x0000000081f00000, 0x0000000082000000|  0%| F|  |TAMS 0x0000000081f00000, 0x0000000081f00000| Untracked 
|  12|0x0000000082000000, 0x0000000082000000, 0x0000000082100000|  0%| F|  |TAMS 0x0000000082000000, 0x0000000082000000| Untracked 
|  13|0x0000000082100000, 0x0000000082100000, 0x0000000082200000|  0%| F|  |TAMS 0x0000000082100000, 0x0000000082100000| Untracked 
|  14|0x0000000082200000, 0x0000000082200000, 0x0000000082300000|  0%| F|  |TAMS 0x0000000082200000, 0x0000000082200000| Untracked 
|  15|0x0000000082300000, 0x0000000082300000, 0x0000000082400000|  0%| F|  |TAMS 0x0000000082300000, 0x0000000082300000| Untracked 
|  16|0x0000000082400000, 0x0000000082400000, 0x0000000082500000|  0%| F|  |TAMS 0x0000000082400000, 0x0000000082400000| Untracked 
|  17|0x0000000082500000, 0x0000000082500000, 0x0000000082600000|  0%| F|  |TAMS 0x0000000082500000, 0x0000000082500000| Untracked 
|  18|0x0000000082600000, 0x0000000082600000, 0x0000000082700000|  0%| F|  |TAMS 0x0000000082600000, 0x0000000082600000| Untracked 
|  19|0x0000000082700000, 0x0000000082700000, 0x0000000082800000|  0%| F|  |TAMS 0x0000000082700000, 0x0000000082700000| Untracked 
|  20|0x0000000082800000, 0x0000000082800000, 0x0000000082900000|  0%| F|  |TAMS 0x0000000082800000, 0x0000000082800000| Untracked 
|  21|0x0000000082900000, 0x0000000082900000, 0x0000000082a00000|  0%| F|  |TAMS 0x0000000082900000, 0x0000000082900000| Untracked 
|  22|0x0000000082a00000, 0x0000000082a00000, 0x0000000082b00000|  0%| F|  |TAMS 0x0000000082a00000, 0x0000000082a00000| Untracked 
|  23|0x0000000082b00000, 0x0000000082b00000, 0x0000000082c00000|  0%| F|  |TAMS 0x0000000082b00000, 0x0000000082b00000| Untracked 
|  24|0x0000000082c00000, 0x0000000082c00000, 0x0000000082d00000|  0%| F|  |TAMS 0x0000000082c00000, 0x0000000082c00000| Untracked 
|  25|0x0000000082d00000, 0x0000000082d00000, 0x0000000082e00000|  0%| F|  |TAMS 0x0000000082d00000, 0x0000000082d00000| Untracked 
|  26|0x0000000082e00000, 0x0000000082e00000, 0x0000000082f00000|  0%| F|  |TAMS 0x0000000082e00000, 0x0000000082e00000| Untracked 
|  27|0x0000000082f00000, 0x0000000082f00000, 0x0000000083000000|  0%| F|  |TAMS 0x0000000082f00000, 0x0000000082f00000| Untracked 
|  28|0x0000000083000000, 0x0000000083000000, 0x0000000083100000|  0%| F|  |TAMS 0x0000000083000000, 0x0000000083000000| Untracked 
|  29|0x0000000083100000, 0x0000000083100000, 0x0000000083200000|  0%| F|  |TAMS 0x0000000083100000, 0x0000000083100000| Untracked 
|  30|0x0000000083200000, 0x0000000083200000, 0x0000000083300000|  0%| F|  |TAMS 0x0000000083200000, 0x0000000083200000| Untracked 
|  31|0x0000000083300000, 0x0000000083300000, 0x0000000083400000|  0%| F|  |TAMS 0x0000000083300000, 0x0000000083300000| Untracked 
|  32|0x0000000083400000, 0x0000000083400000, 0x0000000083500000|  0%| F|  |TAMS 0x0000000083400000, 0x0000000083400000| Untracked 
|  33|0x0000000083500000, 0x0000000083500000, 0x0000000083600000|  0%| F|  |TAMS 0x0000000083500000, 0x0000000083500000| Untracked 
|  34|0x0000000083600000, 0x0000000083600000, 0x0000000083700000|  0%| F|  |TAMS 0x0000000083600000, 0x0000000083600000| Untracked 
|  35|0x0000000083700000, 0x0000000083700000, 0x0000000083800000|  0%| F|  |TAMS 0x0000000083700000, 0x0000000083700000| Untracked 
|  36|0x0000000083800000, 0x0000000083800000, 0x0000000083900000|  0%| F|  |TAMS 0x0000000083800000, 0x0000000083800000| Untracked 
|  37|0x0000000083900000, 0x0000000083900000, 0x0000000083a00000|  0%| F|  |TAMS 0x0000000083900000, 0x0000000083900000| Untracked 
|  38|0x0000000083a00000, 0x0000000083a00000, 0x0000000083b00000|  0%| F|  |TAMS 0x0000000083a00000, 0x0000000083a00000| Untracked 
|  39|0x0000000083b00000, 0x0000000083b00000, 0x0000000083c00000|  0%| F|  |TAMS 0x0000000083b00000, 0x0000000083b00000| Untracked 
|  40|0x0000000083c00000, 0x0000000083c00000, 0x0000000083d00000|  0%| F|  |TAMS 0x0000000083c00000, 0x0000000083c00000| Untracked 
|  41|0x0000000083d00000, 0x0000000083d00000, 0x0000000083e00000|  0%| F|  |TAMS 0x0000000083d00000, 0x0000000083d00000| Untracked 
|  42|0x0000000083e00000, 0x0000000083e00000, 0x0000000083f00000|  0%| F|  |TAMS 0x0000000083e00000, 0x0000000083e00000| Untracked 
|  43|0x0000000083f00000, 0x0000000083f00000, 0x0000000084000000|  0%| F|  |TAMS 0x0000000083f00000, 0x0000000083f00000| Untracked 
|  44|0x0000000084000000, 0x0000000084000000, 0x0000000084100000|  0%| F|  |TAMS 0x0000000084000000, 0x0000000084000000| Untracked 
|  45|0x0000000084100000, 0x0000000084100000, 0x0000000084200000|  0%| F|  |TAMS 0x0000000084100000, 0x0000000084100000| Untracked 
|  46|0x0000000084200000, 0x0000000084200000, 0x0000000084300000|  0%| F|  |TAMS 0x0000000084200000, 0x0000000084200000| Untracked 
|  47|0x0000000084300000, 0x0000000084300000, 0x0000000084400000|  0%| F|  |TAMS 0x0000000084300000, 0x0000000084300000| Untracked 
|  48|0x0000000084400000, 0x0000000084400000, 0x0000000084500000|  0%| F|  |TAMS 0x0000000084400000, 0x0000000084400000| Untracked 
|  49|0x0000000084500000, 0x0000000084500000, 0x0000000084600000|  0%| F|  |TAMS 0x0000000084500000, 0x0000000084500000| Untracked 
|  50|0x0000000084600000, 0x0000000084600000, 0x0000000084700000|  0%| F|  |TAMS 0x0000000084600000, 0x0000000084600000| Untracked 
|  51|0x0000000084700000, 0x0000000084700000, 0x0000000084800000|  0%| F|  |TAMS 0x0000000084700000, 0x0000000084700000| Untracked 
|  52|0x0000000084800000, 0x0000000084800000, 0x0000000084900000|  0%| F|  |TAMS 0x0000000084800000, 0x0000000084800000| Untracked 
|  53|0x0000000084900000, 0x0000000084900000, 0x0000000084a00000|  0%| F|  |TAMS 0x0000000084900000, 0x0000000084900000| Untracked 
|  54|0x0000000084a00000, 0x0000000084a00000, 0x0000000084b00000|  0%| F|  |TAMS 0x0000000084a00000, 0x0000000084a00000| Untracked 
|  55|0x0000000084b00000, 0x0000000084b00000, 0x0000000084c00000|  0%| F|  |TAMS 0x0000000084b00000, 0x0000000084b00000| Untracked 
|  56|0x0000000084c00000, 0x0000000084c00000, 0x0000000084d00000|  0%| F|  |TAMS 0x0000000084c00000, 0x0000000084c00000| Untracked 
|  57|0x0000000084d00000, 0x0000000084d00000, 0x0000000084e00000|  0%| F|  |TAMS 0x0000000084d00000, 0x0000000084d00000| Untracked 
|  58|0x0000000084e00000, 0x0000000084e00000, 0x0000000084f00000|  0%| F|  |TAMS 0x0000000084e00000, 0x0000000084e00000| Untracked 
|  59|0x0000000084f00000, 0x0000000084f00000, 0x0000000085000000|  0%| F|  |TAMS 0x0000000084f00000, 0x0000000084f00000| Untracked 
|  60|0x0000000085000000, 0x0000000085000000, 0x0000000085100000|  0%| F|  |TAMS 0x0000000085000000, 0x0000000085000000| Untracked 
|  61|0x0000000085100000, 0x0000000085100000, 0x0000000085200000|  0%| F|  |TAMS 0x0000000085100000, 0x0000000085100000| Untracked 
|  62|0x0000000085200000, 0x0000000085200000, 0x0000000085300000|  0%| F|  |TAMS 0x0000000085200000, 0x0000000085200000| Untracked 
|  63|0x0000000085300000, 0x0000000085300000, 0x0000000085400000|  0%| F|  |TAMS 0x0000000085300000, 0x0000000085300000| Untracked 
|  64|0x0000000085400000, 0x0000000085400000, 0x0000000085500000|  0%| F|  |TAMS 0x0000000085400000, 0x0000000085400000| Untracked 
|  65|0x0000000085500000, 0x0000000085500000, 0x0000000085600000|  0%| F|  |TAMS 0x0000000085500000, 0x0000000085500000| Untracked 
|  66|0x0000000085600000, 0x0000000085600000, 0x0000000085700000|  0%| F|  |TAMS 0x0000000085600000, 0x0000000085600000| Untracked 
|  67|0x0000000085700000, 0x0000000085700000, 0x0000000085800000|  0%| F|  |TAMS 0x0000000085700000, 0x0000000085700000| Untracked 
|  68|0x0000000085800000, 0x0000000085800000, 0x0000000085900000|  0%| F|  |TAMS 0x0000000085800000, 0x0000000085800000| Untracked 
|  69|0x0000000085900000, 0x0000000085900000, 0x0000000085a00000|  0%| F|  |TAMS 0x0000000085900000, 0x0000000085900000| Untracked 
|  70|0x0000000085a00000, 0x0000000085a00000, 0x0000000085b00000|  0%| F|  |TAMS 0x0000000085a00000, 0x0000000085a00000| Untracked 
|  71|0x0000000085b00000, 0x0000000085b00000, 0x0000000085c00000|  0%| F|  |TAMS 0x0000000085b00000, 0x0000000085b00000| Untracked 
|  72|0x0000000085c00000, 0x0000000085c00000, 0x0000000085d00000|  0%| F|  |TAMS 0x0000000085c00000, 0x0000000085c00000| Untracked 
|  73|0x0000000085d00000, 0x0000000085d00000, 0x0000000085e00000|  0%| F|  |TAMS 0x0000000085d00000, 0x0000000085d00000| Untracked 
|  74|0x0000000085e00000, 0x0000000085e00000, 0x0000000085f00000|  0%| F|  |TAMS 0x0000000085e00000, 0x0000000085e00000| Untracked 
|  75|0x0000000085f00000, 0x0000000085f00000, 0x0000000086000000|  0%| F|  |TAMS 0x0000000085f00000, 0x0000000085f00000| Untracked 
|  76|0x0000000086000000, 0x0000000086000000, 0x0000000086100000|  0%| F|  |TAMS 0x0000000086000000, 0x0000000086000000| Untracked 
|  77|0x0000000086100000, 0x0000000086100000, 0x0000000086200000|  0%| F|  |TAMS 0x0000000086100000, 0x0000000086100000| Untracked 
|  78|0x0000000086200000, 0x0000000086200000, 0x0000000086300000|  0%| F|  |TAMS 0x0000000086200000, 0x0000000086200000| Untracked 
|  79|0x0000000086300000, 0x0000000086300000, 0x0000000086400000|  0%| F|  |TAMS 0x0000000086300000, 0x0000000086300000| Untracked 
|  80|0x0000000086400000, 0x0000000086400000, 0x0000000086500000|  0%| F|  |TAMS 0x0000000086400000, 0x0000000086400000| Untracked 
|  81|0x0000000086500000, 0x0000000086500000, 0x0000000086600000|  0%| F|  |TAMS 0x0000000086500000, 0x0000000086500000| Untracked 
|  82|0x0000000086600000, 0x0000000086600000, 0x0000000086700000|  0%| F|  |TAMS 0x0000000086600000, 0x0000000086600000| Untracked 
|  83|0x0000000086700000, 0x0000000086700000, 0x0000000086800000|  0%| F|  |TAMS 0x0000000086700000, 0x0000000086700000| Untracked 
|  84|0x0000000086800000, 0x0000000086800000, 0x0000000086900000|  0%| F|  |TAMS 0x0000000086800000, 0x0000000086800000| Untracked 
|  85|0x0000000086900000, 0x0000000086900000, 0x0000000086a00000|  0%| F|  |TAMS 0x0000000086900000, 0x0000000086900000| Untracked 
|  86|0x0000000086a00000, 0x0000000086a00000, 0x0000000086b00000|  0%| F|  |TAMS 0x0000000086a00000, 0x0000000086a00000| Untracked 
|  87|0x0000000086b00000, 0x0000000086b00000, 0x0000000086c00000|  0%| F|  |TAMS 0x0000000086b00000, 0x0000000086b00000| Untracked 
|  88|0x0000000086c00000, 0x0000000086c00000, 0x0000000086d00000|  0%| F|  |TAMS 0x0000000086c00000, 0x0000000086c00000| Untracked 
|  89|0x0000000086d00000, 0x0000000086d00000, 0x0000000086e00000|  0%| F|  |TAMS 0x0000000086d00000, 0x0000000086d00000| Untracked 
|  90|0x0000000086e00000, 0x0000000086e00000, 0x0000000086f00000|  0%| F|  |TAMS 0x0000000086e00000, 0x0000000086e00000| Untracked 
|  91|0x0000000086f00000, 0x0000000086f00000, 0x0000000087000000|  0%| F|  |TAMS 0x0000000086f00000, 0x0000000086f00000| Untracked 
|  92|0x0000000087000000, 0x0000000087000000, 0x0000000087100000|  0%| F|  |TAMS 0x0000000087000000, 0x0000000087000000| Untracked 
|  93|0x0000000087100000, 0x0000000087100000, 0x0000000087200000|  0%| F|  |TAMS 0x0000000087100000, 0x0000000087100000| Untracked 
|  94|0x0000000087200000, 0x0000000087200000, 0x0000000087300000|  0%| F|  |TAMS 0x0000000087200000, 0x0000000087200000| Untracked 
|  95|0x0000000087300000, 0x0000000087300000, 0x0000000087400000|  0%| F|  |TAMS 0x0000000087300000, 0x0000000087300000| Untracked 
|  96|0x0000000087400000, 0x0000000087400000, 0x0000000087500000|  0%| F|  |TAMS 0x0000000087400000, 0x0000000087400000| Untracked 
|  97|0x0000000087500000, 0x0000000087500000, 0x0000000087600000|  0%| F|  |TAMS 0x0000000087500000, 0x0000000087500000| Untracked 
|  98|0x0000000087600000, 0x0000000087600000, 0x0000000087700000|  0%| F|  |TAMS 0x0000000087600000, 0x0000000087600000| Untracked 
|  99|0x0000000087700000, 0x0000000087700000, 0x0000000087800000|  0%| F|  |TAMS 0x0000000087700000, 0x0000000087700000| Untracked 
| 100|0x0000000087800000, 0x0000000087800000, 0x0000000087900000|  0%| F|  |TAMS 0x0000000087800000, 0x0000000087800000| Untracked 
| 101|0x0000000087900000, 0x0000000087900000, 0x0000000087a00000|  0%| F|  |TAMS 0x0000000087900000, 0x0000000087900000| Untracked 
| 102|0x0000000087a00000, 0x0000000087a00000, 0x0000000087b00000|  0%| F|  |TAMS 0x0000000087a00000, 0x0000000087a00000| Untracked 
| 103|0x0000000087b00000, 0x0000000087b00000, 0x0000000087c00000|  0%| F|  |TAMS 0x0000000087b00000, 0x0000000087b00000| Untracked 
| 104|0x0000000087c00000, 0x0000000087c00000, 0x0000000087d00000|  0%| F|  |TAMS 0x0000000087c00000, 0x0000000087c00000| Untracked 
| 105|0x0000000087d00000, 0x0000000087d00000, 0x0000000087e00000|  0%| F|  |TAMS 0x0000000087d00000, 0x0000000087d00000| Untracked 
| 106|0x0000000087e00000, 0x0000000087e00000, 0x0000000087f00000|  0%| F|  |TAMS 0x0000000087e00000, 0x0000000087e00000| Untracked 
| 107|0x0000000087f00000, 0x0000000087f00000, 0x0000000088000000|  0%| F|  |TAMS 0x0000000087f00000, 0x0000000087f00000| Untracked 
| 108|0x0000000088000000, 0x0000000088000000, 0x0000000088100000|  0%| F|  |TAMS 0x0000000088000000, 0x0000000088000000| Untracked 
| 109|0x0000000088100000, 0x0000000088100000, 0x0000000088200000|  0%| F|  |TAMS 0x0000000088100000, 0x0000000088100000| Untracked 
| 110|0x0000000088200000, 0x0000000088200000, 0x0000000088300000|  0%| F|  |TAMS 0x0000000088200000, 0x0000000088200000| Untracked 
| 111|0x0000000088300000, 0x0000000088400000, 0x0000000088400000|100%| S|CS|TAMS 0x0000000088300000, 0x0000000088300000| Complete 
| 112|0x0000000088400000, 0x0000000088500000, 0x0000000088500000|100%| S|CS|TAMS 0x0000000088400000, 0x0000000088400000| Complete 
| 113|0x0000000088500000, 0x0000000088500000, 0x0000000088600000|  0%| F|  |TAMS 0x0000000088500000, 0x0000000088500000| Untracked 
| 114|0x0000000088600000, 0x0000000088600000, 0x0000000088700000|  0%| F|  |TAMS 0x0000000088600000, 0x0000000088600000| Untracked 
| 115|0x0000000088700000, 0x0000000088700000, 0x0000000088800000|  0%| F|  |TAMS 0x0000000088700000, 0x0000000088700000| Untracked 
| 116|0x0000000088800000, 0x0000000088800000, 0x0000000088900000|  0%| F|  |TAMS 0x0000000088800000, 0x0000000088800000| Untracked 
| 117|0x0000000088900000, 0x0000000088900000, 0x0000000088a00000|  0%| F|  |TAMS 0x0000000088900000, 0x0000000088900000| Untracked 
| 118|0x0000000088a00000, 0x0000000088a00000, 0x0000000088b00000|  0%| F|  |TAMS 0x0000000088a00000, 0x0000000088a00000| Untracked 
| 119|0x0000000088b00000, 0x0000000088b00000, 0x0000000088c00000|  0%| F|  |TAMS 0x0000000088b00000, 0x0000000088b00000| Untracked 
| 120|0x0000000088c00000, 0x0000000088c00000, 0x0000000088d00000|  0%| F|  |TAMS 0x0000000088c00000, 0x0000000088c00000| Untracked 
| 121|0x0000000088d00000, 0x0000000088d00000, 0x0000000088e00000|  0%| F|  |TAMS 0x0000000088d00000, 0x0000000088d00000| Untracked 
| 122|0x0000000088e00000, 0x0000000088e00000, 0x0000000088f00000|  0%| F|  |TAMS 0x0000000088e00000, 0x0000000088e00000| Untracked 
| 123|0x0000000088f00000, 0x0000000088f00000, 0x0000000089000000|  0%| F|  |TAMS 0x0000000088f00000, 0x0000000088f00000| Untracked 
| 124|0x0000000089000000, 0x00000000890c6890, 0x0000000089100000| 77%| E|  |TAMS 0x0000000089000000, 0x0000000089000000| Complete 
| 125|0x0000000089100000, 0x0000000089200000, 0x0000000089200000|100%| E|CS|TAMS 0x0000000089100000, 0x0000000089100000| Complete 
| 126|0x0000000089200000, 0x0000000089300000, 0x0000000089300000|100%| E|CS|TAMS 0x0000000089200000, 0x0000000089200000| Complete 
| 127|0x0000000089300000, 0x0000000089400000, 0x0000000089400000|100%| E|CS|TAMS 0x0000000089300000, 0x0000000089300000| Complete 

Card table byte_map: [0x0000017b35b60000,0x0000017b35f60000] _byte_map_base: 0x0000017b35756000

Marking Bits (Prev, Next): (CMBitMap*) 0x0000017b1ef3c640, (CMBitMap*) 0x0000017b1ef3c680
 Prev Bits: [0x0000017b36360000, 0x0000017b38310000)
 Next Bits: [0x0000017b38310000, 0x0000017b3a2c0000)

Polling page: 0x0000017b1e6c0000

Metaspace:

Usage:
  Non-class:      9.85 MB used.
      Class:      1.21 MB used.
       Both:     11.06 MB used.

Virtual space:
  Non-class space:       16.00 MB reserved,       9.94 MB ( 62%) committed,  2 nodes.
      Class space:        1.00 GB reserved,       1.31 MB ( <1%) committed,  1 nodes.
             Both:        1.02 GB reserved,      11.25 MB (  1%) committed. 

Chunk freelists:
   Non-Class:  1.89 MB
       Class:  2.67 MB
        Both:  4.56 MB

MaxMetaspaceSize: unlimited
CompressedClassSpaceSize: 1.00 GB
Initial GC threshold: 21.00 MB
Current GC threshold: 21.00 MB
CDS: on
MetaspaceReclaimPolicy: balanced
 - commit_granule_bytes: 65536.
 - commit_granule_words: 8192.
 - virtual_space_node_default_size: 1048576.
 - enlarge_chunks_in_place: 1.
 - new_chunks_are_fully_committed: 0.
 - uncommit_free_chunks: 1.
 - use_allocation_guard: 0.
 - handle_deallocations: 1.


Internal statistics:

num_allocs_failed_limit: 0.
num_arena_births: 68.
num_arena_deaths: 0.
num_vsnodes_births: 3.
num_vsnodes_deaths: 0.
num_space_committed: 180.
num_space_uncommitted: 0.
num_chunks_returned_to_freelist: 0.
num_chunks_taken_from_freelist: 269.
num_chunk_merges: 0.
num_chunk_splits: 169.
num_chunks_enlarged: 107.
num_purges: 0.
num_inconsistent_stats: 0.

CodeHeap 'non-profiled nmethods': size=120000Kb used=638Kb max_used=638Kb free=119361Kb
 bounds [0x0000017b2e230000, 0x0000017b2e4a0000, 0x0000017b35760000]
CodeHeap 'profiled nmethods': size=120000Kb used=3379Kb max_used=3379Kb free=116620Kb
 bounds [0x0000017b26d00000, 0x0000017b27050000, 0x0000017b2e230000]
CodeHeap 'non-nmethods': size=5760Kb used=1222Kb max_used=1249Kb free=4537Kb
 bounds [0x0000017b26760000, 0x0000017b269d0000, 0x0000017b26d00000]
 total_blobs=2297 nmethods=1771 adapters=437
 compilation: enabled
              stopped_count=0, restarted_count=0
 full_count=0

Compilation events (20 events):
Event: 2.830 Thread 0x0000017b3c788880 1692   !   3       javax.crypto.JceSecurity::getVerificationResult (226 bytes)
Event: 2.831 Thread 0x0000017b3c788880 nmethod 1692 0x0000017b2701f190 code [0x0000017b2701f460, 0x0000017b2701ff68]
Event: 2.831 Thread 0x0000017b3c788880 1693       3       sun.nio.ch.IOStatus::okayToRetry (22 bytes)
Event: 2.832 Thread 0x0000017b3c788880 nmethod 1693 0x0000017b27020510 code [0x0000017b270206a0, 0x0000017b27020838]
Event: 2.832 Thread 0x0000017b3c788880 1694       3       com.sun.crypto.provider.HmacCore::engineUpdate (35 bytes)
Event: 2.833 Thread 0x0000017b3c788880 nmethod 1694 0x0000017b27020910 code [0x0000017b27020ae0, 0x0000017b27020ff8]
Event: 2.833 Thread 0x0000017b3c788880 1695       3       com.sun.crypto.provider.GCTR::doFinal (106 bytes)
Event: 2.833 Thread 0x0000017b3c788880 nmethod 1695 0x0000017b27021210 code [0x0000017b27021400, 0x0000017b27021a88]
Event: 2.834 Thread 0x0000017b3c788880 1696       3       jdk.internal.misc.Unsafe::checkOffset (32 bytes)
Event: 2.834 Thread 0x0000017b3c788880 nmethod 1696 0x0000017b27021d90 code [0x0000017b27021f40, 0x0000017b270221c8]
Event: 2.836 Thread 0x0000017b3c788880 1697       1       com.mysql.cj.protocol.a.NativeServerSession::getServerVariables (5 bytes)
Event: 2.836 Thread 0x0000017b3c788880 nmethod 1697 0x0000017b2e2cd690 code [0x0000017b2e2cd820, 0x0000017b2e2cd8f8]
Event: 2.836 Thread 0x0000017b3c788880 1698       3       com.mysql.cj.protocol.a.NativeProtocol::getServerSession (5 bytes)
Event: 2.836 Thread 0x0000017b3c788880 nmethod 1698 0x0000017b27022310 code [0x0000017b270224a0, 0x0000017b270225d8]
Event: 2.836 Thread 0x0000017b3c788880 1699       3       java.nio.HeapByteBuffer::getInt (29 bytes)
Event: 2.837 Thread 0x0000017b3c788880 nmethod 1699 0x0000017b27022690 code [0x0000017b270228e0, 0x0000017b270232a8]
Event: 2.837 Thread 0x0000017b3c788880 1700   !   3       jdk.internal.misc.ScopedMemoryAccess::getIntUnaligned (22 bytes)
Event: 2.837 Thread 0x0000017b3c788880 nmethod 1700 0x0000017b27023690 code [0x0000017b27023880, 0x0000017b27023e28]
Event: 2.838 Thread 0x0000017b3c788880 1701       3       java.nio.Buffer::mark (10 bytes)
Event: 2.838 Thread 0x0000017b3c788880 nmethod 1701 0x0000017b27024110 code [0x0000017b270242a0, 0x0000017b270243b8]

GC Heap History (4 events):
Event: 1.097 GC heap before
{Heap before GC invocations=0 (full 0):
 garbage-first heap   total 131072K, used 14336K [0x0000000081400000, 0x0000000100000000)
  region size 1024K, 13 young (13312K), 0 survivors (0K)
 Metaspace       used 4921K, committed 5056K, reserved 1056768K
  class space    used 515K, committed 576K, reserved 1048576K
}
Event: 1.103 GC heap after
{Heap after GC invocations=1 (full 0):
 garbage-first heap   total 131072K, used 4324K [0x0000000081400000, 0x0000000100000000)
  region size 1024K, 2 young (2048K), 2 survivors (2048K)
 Metaspace       used 4921K, committed 5056K, reserved 1056768K
  class space    used 515K, committed 576K, reserved 1048576K
}
Event: 2.784 GC heap before
{Heap before GC invocations=1 (full 0):
 garbage-first heap   total 131072K, used 17636K [0x0000000081400000, 0x0000000100000000)
  region size 1024K, 15 young (15360K), 2 survivors (2048K)
 Metaspace       used 11246K, committed 11456K, reserved 1064960K
  class space    used 1235K, committed 1344K, reserved 1048576K
}
Event: 2.800 GC heap after
{Heap after GC invocations=2 (full 0):
 garbage-first heap   total 131072K, used 6694K [0x0000000081400000, 0x0000000100000000)
  region size 1024K, 2 young (2048K), 2 survivors (2048K)
 Metaspace       used 11246K, committed 11456K, reserved 1064960K
  class space    used 1235K, committed 1344K, reserved 1048576K
}

Deoptimization events (20 events):
Event: 2.287 Thread 0x0000017b1eee7630 Uncommon trap: trap_request=0xffffff45 fr.pc=0x0000017b2e25dd70 relative=0x00000000000003d0
Event: 2.287 Thread 0x0000017b1eee7630 Uncommon trap: reason=unstable_if action=reinterpret pc=0x0000017b2e25dd70 method=java.lang.StringLatin1.canEncode(I)Z @ 4 c2
Event: 2.287 Thread 0x0000017b1eee7630 DEOPT PACKING pc=0x0000017b2e25dd70 sp=0x00000076a10fd070
Event: 2.287 Thread 0x0000017b1eee7630 DEOPT UNPACKING pc=0x0000017b267b23a3 sp=0x00000076a10fcf98 mode 2
Event: 2.287 Thread 0x0000017b1eee7630 Uncommon trap: trap_request=0xffffff45 fr.pc=0x0000017b2e25eb5c relative=0x00000000000003bc
Event: 2.287 Thread 0x0000017b1eee7630 Uncommon trap: reason=unstable_if action=reinterpret pc=0x0000017b2e25eb5c method=java.lang.AbstractStringBuilder.append(C)Ljava/lang/AbstractStringBuilder; @ 14 c2
Event: 2.287 Thread 0x0000017b1eee7630 DEOPT PACKING pc=0x0000017b2e25eb5c sp=0x00000076a10fd000
Event: 2.287 Thread 0x0000017b1eee7630 DEOPT UNPACKING pc=0x0000017b267b23a3 sp=0x00000076a10fcff0 mode 2
Event: 2.337 Thread 0x0000017b1eee7630 DEOPT PACKING pc=0x0000017b26f964fe sp=0x00000076a10fc790
Event: 2.337 Thread 0x0000017b1eee7630 DEOPT UNPACKING pc=0x0000017b267b2b43 sp=0x00000076a10fbc00 mode 0
Event: 2.379 Thread 0x0000017b1eee7630 DEOPT PACKING pc=0x0000017b26f964fe sp=0x00000076a10fc790
Event: 2.379 Thread 0x0000017b1eee7630 DEOPT UNPACKING pc=0x0000017b267b2b43 sp=0x00000076a10fbc00 mode 0
Event: 2.803 Thread 0x0000017b1eee7630 Uncommon trap: trap_request=0xffffffcc fr.pc=0x0000017b2e2ca2ec relative=0x0000000000002a6c
Event: 2.803 Thread 0x0000017b1eee7630 Uncommon trap: reason=intrinsic_or_type_checked_inlining action=make_not_entrant pc=0x0000017b2e2ca2ec method=java.util.ArrayList$SubList.toArray([Ljava/lang/Object;)[Ljava/lang/Object; @ 58 c2
Event: 2.803 Thread 0x0000017b1eee7630 DEOPT PACKING pc=0x0000017b2e2ca2ec sp=0x00000076a10fce70
Event: 2.803 Thread 0x0000017b1eee7630 DEOPT UNPACKING pc=0x0000017b267b23a3 sp=0x00000076a10fcdf0 mode 2
Event: 2.814 Thread 0x0000017b1eee7630 DEOPT PACKING pc=0x0000017b26f3b22d sp=0x00000076a10fcca0
Event: 2.814 Thread 0x0000017b1eee7630 DEOPT UNPACKING pc=0x0000017b267b2b43 sp=0x00000076a10fc128 mode 0
Event: 2.824 Thread 0x0000017b1eee7630 DEOPT PACKING pc=0x0000017b26f3b22d sp=0x00000076a10fcc50
Event: 2.824 Thread 0x0000017b1eee7630 DEOPT UNPACKING pc=0x0000017b267b2b43 sp=0x00000076a10fc0d8 mode 0

Classes unloaded (0 events):
No events

Classes redefined (0 events):
No events

Internal exceptions (20 events):
Event: 0.272 Thread 0x0000017b3d246160 Exception <a 'java/lang/NoSuchMethodError'{0x00000000892da990}: 'void java.lang.invoke.DirectMethodHandle$Holder.invokeStatic(java.lang.Object, java.lang.Object)'> (0x00000000892da990) 
thrown [s\open\src\hotspot\share\interpreter\linkResolver.cpp, line 759]
Event: 0.292 Thread 0x0000017b1eee7630 Exception <a 'java/io/FileNotFoundException'{0x0000000089145be0}> (0x0000000089145be0) 
thrown [s\open\src\hotspot\share\prims\jni.cpp, line 516]
Event: 0.460 Thread 0x0000017b1eee7630 Exception <a 'java/lang/NoSuchMethodError'{0x0000000089096460}: 'java.lang.Object java.lang.invoke.DirectMethodHandle$Holder.invokeInterface(java.lang.Object, java.lang.Object)'> (0x0000000089096460) 
thrown [s\open\src\hotspot\share\interpreter\linkResolver.cpp, line 759]
Event: 0.461 Thread 0x0000017b1eee7630 Exception <a 'java/lang/IncompatibleClassChangeError'{0x0000000089099c58}: Found class java.lang.Object, but interface was expected> (0x0000000089099c58) 
thrown [s\open\src\hotspot\share\interpreter\linkResolver.cpp, line 826]
Event: 0.498 Thread 0x0000017b1eee7630 Exception <a 'java/lang/NoSuchMethodError'{0x00000000890f6d98}: 'java.lang.Object java.lang.invoke.DirectMethodHandle$Holder.newInvokeSpecial(java.lang.Object, java.lang.Object, java.lang.Object, java.lang.Object, java.lang.Object)'> (0x00000000890f6d98) 
thrown [s\open\src\hotspot\share\interpreter\linkResolver.cpp, line 759]
Event: 0.794 Thread 0x0000017b1eee7630 Exception <a 'java/lang/NoSuchMethodError'{0x0000000088ce4aa8}: 'void java.lang.invoke.DirectMethodHandle$Holder.invokeSpecial(java.lang.Object, java.lang.Object, java.lang.Object)'> (0x0000000088ce4aa8) 
thrown [s\open\src\hotspot\share\interpreter\linkResolver.cpp, line 759]
Event: 0.797 Thread 0x0000017b1eee7630 Exception <a 'java/lang/NoSuchMethodError'{0x0000000088ceb5b8}: 'void java.lang.invoke.DirectMethodHandle$Holder.invokeStatic(java.lang.Object, java.lang.Object, java.lang.Object)'> (0x0000000088ceb5b8) 
thrown [s\open\src\hotspot\share\interpreter\linkResolver.cpp, line 759]
Event: 0.801 Thread 0x0000017b1eee7630 Exception <a 'java/lang/NoSuchMethodError'{0x0000000088cf5ac8}: 'java.lang.Object java.lang.invoke.DirectMethodHandle$Holder.invokeVirtual(java.lang.Object, java.lang.Object, java.lang.Object)'> (0x0000000088cf5ac8) 
thrown [s\open\src\hotspot\share\interpreter\linkResolver.cpp, line 759]
Event: 1.059 Thread 0x0000017b1eee7630 Exception <a 'java/lang/NoSuchMethodError'{0x0000000088788070}: 'void java.lang.invoke.DirectMethodHandle$Holder.invokeStaticInit(java.lang.Object, java.lang.Object)'> (0x0000000088788070) 
thrown [s\open\src\hotspot\share\interpreter\linkResolver.cpp, line 759]
Event: 1.228 Thread 0x0000017b1eee7630 Exception <a 'sun/nio/fs/WindowsException'{0x000000008910b8b8}> (0x000000008910b8b8) 
thrown [s\open\src\hotspot\share\prims\jni.cpp, line 516]
Event: 1.252 Thread 0x0000017b1eee7630 Exception <a 'java/lang/NoSuchMethodError'{0x00000000891333b8}: 'int java.lang.invoke.DirectMethodHandle$Holder.invokeStaticInit(java.lang.Object, java.lang.Object, java.lang.Object, java.lang.Object)'> (0x00000000891333b8) 
thrown [s\open\src\hotspot\share\interpreter\linkResolver.cpp, line 759]
Event: 1.254 Thread 0x0000017b1eee7630 Exception <a 'java/lang/IncompatibleClassChangeError'{0x000000008913c8b0}: Found class java.lang.Object, but interface was expected> (0x000000008913c8b0) 
thrown [s\open\src\hotspot\share\interpreter\linkResolver.cpp, line 826]
Event: 1.257 Thread 0x0000017b1eee7630 Exception <a 'java/lang/NoSuchMethodError'{0x0000000089142318}: 'int java.lang.invoke.DirectMethodHandle$Holder.invokeStaticInit(java.lang.Object, java.lang.Object)'> (0x0000000089142318) 
thrown [s\open\src\hotspot\share\interpreter\linkResolver.cpp, line 759]
Event: 1.341 Thread 0x0000017b1eee7630 Exception <a 'java/lang/NoSuchMethodError'{0x00000000890930f0}: 'java.lang.Object java.lang.invoke.DirectMethodHandle$Holder.invokeStaticInit(java.lang.Object, int, int, int, int)'> (0x00000000890930f0) 
thrown [s\open\src\hotspot\share\interpreter\linkResolver.cpp, line 759]
Event: 1.419 Thread 0x0000017b1eee7630 Exception <a 'java/lang/NoSuchMethodError'{0x00000000890c3328}: 'java.lang.Object java.lang.invoke.DirectMethodHandle$Holder.invokeStaticInit(java.lang.Object, java.lang.Object, int, int, int, int)'> (0x00000000890c3328) 
thrown [s\open\src\hotspot\share\interpreter\linkResolver.cpp, line 759]
Event: 1.824 Thread 0x0000017b1eee7630 Exception <a 'java/io/IOException'{0x0000000088d78f28}> (0x0000000088d78f28) 
thrown [s\open\src\hotspot\share\prims\jni.cpp, line 516]
Event: 2.072 Thread 0x0000017b1eee7630 Exception <a 'java/io/IOException'{0x0000000088cb0858}> (0x0000000088cb0858) 
thrown [s\open\src\hotspot\share\prims\jni.cpp, line 516]
Event: 2.286 Thread 0x0000017b1eee7630 Exception <a 'java/io/IOException'{0x0000000088a3f880}> (0x0000000088a3f880) 
thrown [s\open\src\hotspot\share\prims\jni.cpp, line 516]
Event: 2.385 Thread 0x0000017b1eee7630 Exception <a 'java/io/IOException'{0x00000000888a6768}> (0x00000000888a6768) 
thrown [s\open\src\hotspot\share\prims\jni.cpp, line 516]
Event: 2.773 Thread 0x0000017b1eee7630 Exception <a 'java/io/IOException'{0x00000000887e03b8}> (0x00000000887e03b8) 
thrown [s\open\src\hotspot\share\prims\jni.cpp, line 516]

VM Operations (20 events):
Event: 0.254 Executing VM operation: HandshakeAllThreads
Event: 0.254 Executing VM operation: HandshakeAllThreads done
Event: 0.687 Executing VM operation: HandshakeAllThreads
Event: 0.687 Executing VM operation: HandshakeAllThreads done
Event: 0.703 Executing VM operation: HandshakeAllThreads
Event: 0.703 Executing VM operation: HandshakeAllThreads done
Event: 0.714 Executing VM operation: HandshakeAllThreads
Event: 0.714 Executing VM operation: HandshakeAllThreads done
Event: 1.097 Executing VM operation: G1CollectForAllocation
Event: 1.104 Executing VM operation: G1CollectForAllocation done
Event: 1.242 Executing VM operation: HandshakeAllThreads
Event: 1.242 Executing VM operation: HandshakeAllThreads done
Event: 1.615 Executing VM operation: HandshakeAllThreads
Event: 1.615 Executing VM operation: HandshakeAllThreads done
Event: 1.639 Executing VM operation: ICBufferFull
Event: 1.639 Executing VM operation: ICBufferFull done
Event: 2.640 Executing VM operation: Cleanup
Event: 2.641 Executing VM operation: Cleanup done
Event: 2.784 Executing VM operation: G1CollectForAllocation
Event: 2.800 Executing VM operation: G1CollectForAllocation done

Events (20 events):
Event: 2.131 loading class java/lang/StringIndexOutOfBoundsException
Event: 2.131 loading class java/lang/StringIndexOutOfBoundsException done
Event: 2.132 loading class java/util/RegularEnumSet$EnumSetIterator
Event: 2.132 loading class java/util/RegularEnumSet$EnumSetIterator done
Event: 2.138 loading class java/time/OffsetTime
Event: 2.138 loading class java/time/OffsetTime done
Event: 2.138 loading class java/time/OffsetDateTime
Event: 2.138 loading class java/time/OffsetDateTime done
Event: 2.138 loading class java/time/ZonedDateTime
Event: 2.138 loading class java/time/chrono/ChronoZonedDateTime
Event: 2.139 loading class java/time/chrono/ChronoZonedDateTime done
Event: 2.139 loading class java/time/ZonedDateTime done
Event: 2.286 Thread 0x0000017b3dbe8030 Thread exited: 0x0000017b3dbe8030
Event: 2.297 Thread 0x0000017b3e2f5480 Thread added: 0x0000017b3e2f5480
Event: 2.379 loading class java/time/format/DateTimeParseException
Event: 2.379 loading class java/time/DateTimeException
Event: 2.379 loading class java/time/DateTimeException done
Event: 2.379 loading class java/time/format/DateTimeParseException done
Event: 2.776 Thread 0x0000017b3e2f5480 Thread exited: 0x0000017b3e2f5480
Event: 2.815 Thread 0x0000017b3daca250 Thread added: 0x0000017b3daca250


Dynamic libraries:
0x00007ff75a4c0000 - 0x00007ff75a4d0000 	C:\Program Files\Java\jdk-17.0.4.1\bin\java.exe
0x00007ffa0d710000 - 0x00007ffa0d908000 	C:\WINDOWS\SYSTEM32\ntdll.dll
0x00007ffa0c300000 - 0x00007ffa0c3bf000 	C:\WINDOWS\System32\KERNEL32.DLL
0x00007ffa0ae10000 - 0x00007ffa0b0e2000 	C:\WINDOWS\System32\KERNELBASE.dll
0x00007ffa0b3f0000 - 0x00007ffa0b4f0000 	C:\WINDOWS\System32\ucrtbase.dll
0x00007ff9f6ff0000 - 0x00007ff9f700a000 	C:\Program Files\Java\jdk-17.0.4.1\bin\VCRUNTIME140.dll
0x00007ff9f5f80000 - 0x00007ff9f5f98000 	C:\Program Files\Java\jdk-17.0.4.1\bin\jli.dll
0x00007ffa0ba50000 - 0x00007ffa0bafe000 	C:\WINDOWS\System32\ADVAPI32.dll
0x00007ffa0c3c0000 - 0x00007ffa0c45e000 	C:\WINDOWS\System32\msvcrt.dll
0x00007ffa0bd70000 - 0x00007ffa0be0c000 	C:\WINDOWS\System32\sechost.dll
0x00007ffa0b920000 - 0x00007ffa0ba45000 	C:\WINDOWS\System32\RPCRT4.dll
0x00007ffa0c160000 - 0x00007ffa0c2fd000 	C:\WINDOWS\System32\USER32.dll
0x00007ffa0b240000 - 0x00007ffa0b262000 	C:\WINDOWS\System32\win32u.dll
0x00007ffa0c000000 - 0x00007ffa0c02b000 	C:\WINDOWS\System32\GDI32.dll
0x00007ffa0b4f0000 - 0x00007ffa0b5ff000 	C:\WINDOWS\System32\gdi32full.dll
0x00007ffa0b1a0000 - 0x00007ffa0b23d000 	C:\WINDOWS\System32\msvcp_win.dll
0x00007ffa09a90000 - 0x00007ffa09d2a000 	C:\WINDOWS\WinSxS\amd64_microsoft.windows.common-controls_6595b64144ccf1df_6.0.19041.1110_none_60b5254171f9507e\COMCTL32.dll
0x00007ffa00a20000 - 0x00007ffa00a2a000 	C:\WINDOWS\SYSTEM32\VERSION.dll
0x00007ffa0d690000 - 0x00007ffa0d6c2000 	C:\WINDOWS\System32\IMM32.DLL
0x00007ffa014b0000 - 0x00007ffa014bc000 	C:\Program Files\Java\jdk-17.0.4.1\bin\vcruntime140_1.dll
0x00007ff9e1e80000 - 0x00007ff9e1f0d000 	C:\Program Files\Java\jdk-17.0.4.1\bin\msvcp140.dll
0x00007ff9bb790000 - 0x00007ff9bc352000 	C:\Program Files\Java\jdk-17.0.4.1\bin\server\jvm.dll
0x00007ffa0b910000 - 0x00007ffa0b918000 	C:\WINDOWS\System32\PSAPI.DLL
0x00007ffa05bb0000 - 0x00007ffa05bb9000 	C:\WINDOWS\SYSTEM32\WSOCK32.dll
0x00007ffa0c030000 - 0x00007ffa0c09b000 	C:\WINDOWS\System32\WS2_32.dll
0x00007ffa092c0000 - 0x00007ffa092e7000 	C:\WINDOWS\SYSTEM32\WINMM.dll
0x00007ffa089c0000 - 0x00007ffa089d2000 	C:\WINDOWS\SYSTEM32\kernel.appcore.dll
0x00007ff9ffef0000 - 0x00007ff9ffefa000 	C:\Program Files\Java\jdk-17.0.4.1\bin\jimage.dll
0x00007ff9fb960000 - 0x00007ff9fbb44000 	C:\WINDOWS\SYSTEM32\DBGHELP.DLL
0x00007ff9fb640000 - 0x00007ff9fb66c000 	C:\WINDOWS\SYSTEM32\dbgcore.DLL
0x00007ffa0b2f0000 - 0x00007ffa0b372000 	C:\WINDOWS\System32\bcryptPrimitives.dll
0x00007ffa063f0000 - 0x00007ffa063fe000 	C:\Program Files\Java\jdk-17.0.4.1\bin\instrument.dll
0x00007ff9f0250000 - 0x00007ff9f0275000 	C:\Program Files\Java\jdk-17.0.4.1\bin\java.dll
0x00007ff9e1ca0000 - 0x00007ff9e1d76000 	C:\Program Files\Java\jdk-17.0.4.1\bin\jsvml.dll
0x00007ffa0ce60000 - 0x00007ffa0d5a3000 	C:\WINDOWS\System32\SHELL32.dll
0x00007ffa092f0000 - 0x00007ffa09a82000 	C:\WINDOWS\SYSTEM32\windows.storage.dll
0x00007ffa0c610000 - 0x00007ffa0c964000 	C:\WINDOWS\System32\combase.dll
0x00007ffa0a800000 - 0x00007ffa0a830000 	C:\WINDOWS\SYSTEM32\Wldp.dll
0x00007ffa0b800000 - 0x00007ffa0b8ad000 	C:\WINDOWS\System32\SHCORE.dll
0x00007ffa0c0a0000 - 0x00007ffa0c0f5000 	C:\WINDOWS\System32\shlwapi.dll
0x00007ffa0ad50000 - 0x00007ffa0ad6f000 	C:\WINDOWS\SYSTEM32\profapi.dll
0x00007ff9f17d0000 - 0x00007ff9f17e8000 	C:\Program Files\Java\jdk-17.0.4.1\bin\zip.dll
0x00007ff9f56c0000 - 0x00007ff9f56d9000 	C:\Program Files\Java\jdk-17.0.4.1\bin\net.dll
0x00007ffa02e00000 - 0x00007ffa02f0c000 	C:\WINDOWS\SYSTEM32\WINHTTP.dll
0x00007ffa0a4f0000 - 0x00007ffa0a55a000 	C:\WINDOWS\system32\mswsock.dll
0x00007ff9f5600000 - 0x00007ff9f5616000 	C:\Program Files\Java\jdk-17.0.4.1\bin\nio.dll
0x00007ffa04ac0000 - 0x00007ffa04ada000 	C:\Program Files\JetBrains\IntelliJ IDEA 2022.2.4\bin\breakgen64.dll
0x00007ff9f6fe0000 - 0x00007ff9f6ff0000 	C:\Program Files\Java\jdk-17.0.4.1\bin\verify.dll
0x00007ffa0a220000 - 0x00007ffa0a2ea000 	C:\WINDOWS\SYSTEM32\DNSAPI.dll
0x00007ffa0a1e0000 - 0x00007ffa0a21b000 	C:\WINDOWS\SYSTEM32\IPHLPAPI.DLL
0x00007ffa0b760000 - 0x00007ffa0b768000 	C:\WINDOWS\System32\NSI.dll
0x00007ffa02de0000 - 0x00007ffa02dea000 	C:\Windows\System32\rasadhlp.dll
0x00007ffa02f50000 - 0x00007ffa02fd0000 	C:\WINDOWS\System32\fwpuclnt.dll
0x00007ffa0b2c0000 - 0x00007ffa0b2e7000 	C:\WINDOWS\System32\bcrypt.dll
0x00007ffa06320000 - 0x00007ffa0632e000 	C:\Program Files\Java\jdk-17.0.4.1\bin\sunmscapi.dll
0x00007ffa0b600000 - 0x00007ffa0b756000 	C:\WINDOWS\System32\CRYPT32.dll
0x00007ffa0a870000 - 0x00007ffa0a897000 	C:\WINDOWS\SYSTEM32\ncrypt.dll
0x0000000057e30000 - 0x0000000057e55000 	C:\Program Files\Common Files\Crypto Pro\AppCompat\cpcrypt.dll
0x00007ffa0a830000 - 0x00007ffa0a86b000 	C:\WINDOWS\SYSTEM32\NTASN1.dll
0x00007ffa0a6f0000 - 0x00007ffa0a708000 	C:\WINDOWS\SYSTEM32\CRYPTSP.dll
0x0000000057e10000 - 0x0000000057e29000 	C:\Program Files\Common Files\Crypto Pro\AppCompat\cpadvai.dll
0x00007ffa09e10000 - 0x00007ffa09e44000 	C:\WINDOWS\system32\rsaenh.dll
0x00007ffa0ad10000 - 0x00007ffa0ad3e000 	C:\WINDOWS\SYSTEM32\USERENV.dll
0x0000017b3c7f0000 - 0x0000017b3c7fc000 	C:\WINDOWS\SYSTEM32\CRYPTBASE.dll
0x00007ffa03e00000 - 0x00007ffa03e17000 	C:\WINDOWS\SYSTEM32\dhcpcsvc6.DLL
0x00007ffa040e0000 - 0x00007ffa040fd000 	C:\WINDOWS\SYSTEM32\dhcpcsvc.DLL

dbghelp: loaded successfully - version: 4.0.5 - missing functions: none
symbol engine: initialized successfully - sym options: 0x614 - pdb path: .;C:\Program Files\Java\jdk-17.0.4.1\bin;C:\WINDOWS\SYSTEM32;C:\WINDOWS\WinSxS\amd64_microsoft.windows.common-controls_6595b64144ccf1df_6.0.19041.1110_none_60b5254171f9507e;C:\Program Files\Java\jdk-17.0.4.1\bin\server;C:\Program Files\JetBrains\IntelliJ IDEA 2022.2.4\bin;C:\Program Files\Common Files\Crypto Pro\AppCompat

VM Arguments:
jvm_args: -ea -Didea.test.cyclic.buffer.size=1048576 -javaagent:C:\Program Files\JetBrains\IntelliJ IDEA 2022.2.4\lib\idea_rt.jar=54532:C:\Program Files\JetBrains\IntelliJ IDEA 2022.2.4\bin -Dfile.encoding=UTF-8 
java_command: com.intellij.rt.junit.JUnitStarter -ideVersion5 -junit4 UserServiceTest
java_class_path (initial): C:\Program Files\JetBrains\IntelliJ IDEA 2022.2.4\lib\idea_rt.jar;C:\Program Files\JetBrains\IntelliJ IDEA 2022.2.4\plugins\junit\lib\junit5-rt.jar;C:\Program Files\JetBrains\IntelliJ IDEA 2022.2.4\plugins\junit\lib\junit-rt.jar;D:\my projects\PP_1_1_3-4_JDBC_Hibernate\target\test-classes;D:\my projects\PP_1_1_3-4_JDBC_Hibernate\target\classes;C:\Users\Aser6\.m2\repository\junit\junit\4.13.2\junit-4.13.2.jar;C:\Users\Aser6\.m2\repository\org\hamcrest\hamcrest-core\1.3\hamcrest-core-1.3.jar;C:\Users\Aser6\.m2\repository\mysql\mysql-connector-java\8.0.25\mysql-connector-java-8.0.25.jar;C:\Users\Aser6\.m2\repository\com\google\protobuf\protobuf-java\3.11.4\protobuf-java-3.11.4.jar;C:\Users\Aser6\.m2\repository\org\hibernate\javax\persistence\hibernate-jpa-2.1-api\1.0.2.Final\hibernate-jpa-2.1-api-1.0.2.Final.jar;C:\Users\Aser6\.m2\repository\org\hibernate\hibernate-core\5.6.3.Final\hibernate-core-5.6.3.Final.jar;C:\Users\Aser6\.m2\repository\org\jboss\logging\jboss-logging\3.4.2.Final\jboss-logging-3.4.2.Final.jar;C:\Users\Aser6\.m2\repository\javax\persistence\javax.persistence-api\2.2\javax.persistence-api-2.2.jar;C:\Users\Aser6\.m2\repository\net\bytebuddy\byte-buddy\1.11.20\byte-buddy-1.11.20.jar;C:\Users\Aser6\.m2\repository\antlr\antlr\2.7.7\antlr-2.7.7.jar;C:\Users\Aser6\.m2\repository\org\jboss\spec\javax\transaction\jboss-transaction-api_1.2_spec\1.1.1.Final\jboss-transaction-api_1.2_spec-1.1.1.Final.jar;C:\Users\Aser6\.m2\repository\org\jboss\jandex\2.2.3.Final\jandex-2.2.3.Final.jar;C:\Users\Aser6\.m2\repository\com\fasterxml\classmate\1.5.1\classmate-1.5.1.jar;C:\Users\Aser6\.m2\repository\javax\activation\javax.activation-api\1.2.0\javax.activation-api-1.2.0.jar;C:\Users\Aser6\.m2\repository\org\hibernate\common\hibernate-commons-annotations\5.1.2.Final\hibernate-commons-annotations-5.1.2.Final.jar;C:\Users\Aser6\.m2\repository\javax\xml\bind\jaxb-api\2.3.1\jaxb-api-2.3.1.jar;C:\Users\Aser6\.m2\repository\org\glassfish\jaxb\jax
Launcher Type: SUN_STANDARD

[Global flags]
     intx CICompilerCount                          = 3                                         {product} {ergonomic}
     uint ConcGCThreads                            = 1                                         {product} {ergonomic}
     uint G1ConcRefinementThreads                  = 4                                         {product} {ergonomic}
   size_t G1HeapRegionSize                         = 1048576                                   {product} {ergonomic}
    uintx GCDrainStackTargetSize                   = 64                                        {product} {ergonomic}
   size_t InitialHeapSize                          = 134217728                                 {product} {ergonomic}
   size_t MarkStackSize                            = 4194304                                   {product} {ergonomic}
   size_t MaxHeapSize                              = 2126512128                                {product} {ergonomic}
   size_t MaxNewSize                               = 1275068416                                {product} {ergonomic}
   size_t MinHeapDeltaBytes                        = 1048576                                   {product} {ergonomic}
   size_t MinHeapSize                              = 8388608                                   {product} {ergonomic}
    uintx NonNMethodCodeHeapSize                   = 5832780                                {pd product} {ergonomic}
    uintx NonProfiledCodeHeapSize                  = 122912730                              {pd product} {ergonomic}
    uintx ProfiledCodeHeapSize                     = 122912730                              {pd product} {ergonomic}
    uintx ReservedCodeCacheSize                    = 251658240                              {pd product} {ergonomic}
     bool SegmentedCodeCache                       = true                                      {product} {ergonomic}
   size_t SoftMaxHeapSize                          = 2126512128                             {manageable} {ergonomic}
     bool UseCompressedClassPointers               = true                           {product lp64_product} {ergonomic}
     bool UseCompressedOops                        = true                           {product lp64_product} {ergonomic}
     bool UseG1GC                                  = true                                      {product} {ergonomic}
     bool UseLargePagesIndividualAllocation        = false                                  {pd product} {ergonomic}

Logging:
Log output configuration:
 #0: stdout all=warning uptime,level,tags
 #1: stderr all=off uptime,level,tags

Environment Variables:
PATH=C:\Program Files\Common Files\Oracle\Java\javapath;C:\WINDOWS\system32;C:\WINDOWS;C:\WINDOWS\System32\Wbem;C:\WINDOWS\System32\WindowsPowerShell\v1.0\;C:\WINDOWS\System32\OpenSSH\;C:\Program Files\Git\cmd;C:\Program Files\MySQL\MySQL Shell 8.0\bin\;C:\Users\Aser6\AppData\Local\Microsoft\WindowsApps;
USERNAME=Aser6
OS=Windows_NT
PROCESSOR_IDENTIFIER=Intel64 Family 6 Model 61 Stepping 4, GenuineIntel



---------------  S Y S T E M  ---------------

OS:
 Windows 10 , 64 bit Build 19041 (10.0.19041.2251)
OS uptime: 0 days 10:53 hours

CPU: total 4 (initial active 4) (2 cores per cpu, 2 threads per core) family 6 model 61 stepping 4 microcode 0x2d, cx8, cmov, fxsr, ht, mmx, 3dnowpref, sse, sse2, sse3, ssse3, sse4.1, sse4.2, popcnt, lzcnt, tsc, tscinvbit, avx, avx2, aes, erms, clmul, bmi1, bmi2, adx, fma, vzeroupper, clflush

Memory: 4k page, system-wide physical 8106M (1090M free)
TotalPageFile size 10154M (AvailPageFile size 0M)
current process WorkingSet (physical memory assigned to process): 94M, peak: 94M
current process commit charge ("private bytes"): 236M, peak: 236M

vm_info: Java HotSpot(TM) 64-Bit Server VM (17.0.4.1+1-LTS-2) for windows-amd64 JRE (17.0.4.1+1-LTS-2), built on Aug 16 2022 18:32:06 by "mach5one" with MS VC++ 16.8 / 16.9 (VS2019)

END.
